<?xml version="1.0" encoding="UTF-8"?>
<!-- Generated by org.testng.reporters.JUnitReportReporter -->
<testsuite hostname="DESKTOP-IK6LK2E" failures="0" tests="1" name="amazon.LinkCheck" time="14.540" errors="0" timestamp="2025-01-20T18:56:36 EST" skipped="0">
  <testcase classname="amazon.LinkCheck" name="prime" time="14.540"/>
  <system-out/>
</testsuite> <!-- amazon.LinkCheck -->
