<?xml version="1.0" encoding="UTF-8"?>
<!-- Generated by org.testng.reporters.JUnitReportReporter -->
<testsuite hostname="DESKTOP-IK6LK2E" failures="0" tests="1" name="xyzFramework.MainTest" time="0.000" errors="0" timestamp="2025-01-30T12:21:48 EST" skipped="1">
  <testcase classname="xyzFramework.MainTest" name="execute" time="0.000">
    <skipped/>
  </testcase> <!-- execute -->
  <system-out/>
</testsuite> <!-- xyzFramework.MainTest -->
